<?xml version="1.0" encoding="UTF-8"?>
<!-- Generated by org.testng.reporters.JUnitReportReporter -->
<testsuite hostname="INBOOK_X1_SLIM" failures="0" tests="1" name="Examplejson" time="1.434" errors="0" timestamp="2024-06-23T21:15:42 IST" skipped="0">
  <testcase classname="Examplejson" name="test_delete" time="1.434"/>
</testsuite> <!-- Examplejson -->
