<?xml version="1.0" encoding="UTF-8"?>
<!-- Generated by org.testng.reporters.JUnitReportReporter -->
<testsuite hostname="INBOOK_X1_SLIM" failures="0" tests="1" name="Tests.TestsExample" time="3.053" errors="0" timestamp="2024-06-22T14:29:10 IST" skipped="0">
  <testcase classname="Tests.TestsExample" name="TestPost" time="3.053"/>
</testsuite> <!-- Tests.TestsExample -->
