<?xml version="1.0" encoding="UTF-8"?>
<!-- Generated by org.testng.reporters.JUnitReportReporter -->
<testsuite hostname="INBOOK_X1_SLIM" failures="0" tests="3" name="Tests.putPatchDeleteExample" time="2.039" errors="0" timestamp="2024-06-23T19:09:47 IST" skipped="0">
  <testcase classname="Tests.putPatchDeleteExample" name="testDelete" time="0.680"/>
  <testcase classname="Tests.putPatchDeleteExample" name="testPatch" time="0.815"/>
  <testcase classname="Tests.putPatchDeleteExample" name="testPut" time="0.544"/>
</testsuite> <!-- Tests.putPatchDeleteExample -->
