<?xml version="1.0" encoding="UTF-8"?>
<!-- Generated by org.testng.reporters.JUnitReportReporter -->
<testsuite hostname="INBOOK_X1_SLIM" failures="0" tests="1" name="Tests.Examplejson" time="1.330" errors="0" timestamp="2024-06-24T11:43:22 IST" skipped="0">
  <testcase classname="Tests.Examplejson" name="test_post" time="1.330"/>
</testsuite> <!-- Tests.Examplejson -->
