<?xml version="1.0" encoding="UTF-8"?>
<!-- Generated by org.testng.reporters.JUnitReportReporter -->
<testsuite hostname="INBOOK_X1_SLIM" failures="0" tests="3" name="Tests.TestsExample" time="3.512" errors="0" timestamp="2024-06-23T19:09:47 IST" skipped="0">
  <testcase classname="Tests.TestsExample" name="TestPost" time="1.268"/>
  <testcase classname="Tests.TestsExample" name="Test_1" time="0.636"/>
  <testcase classname="Tests.TestsExample" name="Test_2" time="1.608"/>
</testsuite> <!-- Tests.TestsExample -->
