<?xml version="1.0" encoding="UTF-8"?>
<!-- Generated by org.testng.reporters.JUnitReportReporter -->
<testsuite hostname="INBOOK_X1_SLIM" failures="0" tests="3" name="Tests.putPatchDeleteExample" time="3.983" errors="0" timestamp="2024-06-22T17:24:31 IST" skipped="0">
  <testcase classname="Tests.putPatchDeleteExample" name="testDelete" time="2.660"/>
  <testcase classname="Tests.putPatchDeleteExample" name="testPut" time="0.579"/>
  <testcase classname="Tests.putPatchDeleteExample" name="testPatch" time="0.744"/>
</testsuite> <!-- Tests.putPatchDeleteExample -->
